-------------------------------------------------------------------------------
Test set: uvsq.m1.gl.DBConnectionTest
-------------------------------------------------------------------------------
Tests run: 1, Failures: 1, Errors: 0, Skipped: 0, Time elapsed: 0.087 s <<< FAILURE! - in uvsq.m1.gl.DBConnectionTest
testconnection(uvsq.m1.gl.DBConnectionTest)  Time elapsed: 0.085 s  <<< FAILURE!
java.lang.AssertionError
	at uvsq.m1.gl.DBConnectionTest.testconnection(DBConnectionTest.java:14)

